0 info it worked if it ends with ok
1 verbose cli [ 'C:\\Program Files\\nodejs\\node.exe',
1 verbose cli   'C:\\Users\\Euler\\AppData\\Roaming\\npm\\node_modules\\npm\\bin\\npm-cli.js',
1 verbose cli   'publish' ]
2 info using npm@3.9.2
3 info using node@v4.4.4
4 verbose publish [ '.' ]
5 silly cache add args [ '.', null ]
6 verbose cache add spec .
7 silly cache add parsed spec Result {
7 silly cache add   raw: '.',
7 silly cache add   scope: null,
7 silly cache add   name: null,
7 silly cache add   rawSpec: '.',
7 silly cache add   spec: 'd:\\teste\\error',
7 silly cache add   type: 'directory' }
8 verbose addLocalDirectory C:\Users\Euler\AppData\Roaming\npm-cache\fuu\1.0.0\package.tgz not in flight; packing
9 verbose correctMkdir C:\Users\Euler\AppData\Roaming\npm-cache correctMkdir not in flight; initializing
10 info lifecycle fuu@1.0.0~prepublish: fuu@1.0.0
11 silly lifecycle fuu@1.0.0~prepublish: no script for prepublish, continuing
12 verbose tar pack [ 'C:\\Users\\Euler\\AppData\\Roaming\\npm-cache\\fuu\\1.0.0\\package.tgz',
12 verbose tar pack   'd:\\teste\\error' ]
13 verbose tarball C:\Users\Euler\AppData\Roaming\npm-cache\fuu\1.0.0\package.tgz
14 verbose folder d:\teste\error
15 verbose addLocalTarball adding from inside cache C:\Users\Euler\AppData\Roaming\npm-cache\fuu\1.0.0\package.tgz
16 verbose correctMkdir C:\Users\Euler\AppData\Roaming\npm-cache correctMkdir not in flight; initializing
17 silly cache afterAdd fuu@1.0.0
18 verbose afterAdd C:\Users\Euler\AppData\Roaming\npm-cache\fuu\1.0.0\package\package.json not in flight; writing
19 verbose correctMkdir C:\Users\Euler\AppData\Roaming\npm-cache correctMkdir not in flight; initializing
20 verbose afterAdd C:\Users\Euler\AppData\Roaming\npm-cache\fuu\1.0.0\package\package.json written
21 silly publish { name: 'fuu',
21 silly publish   version: '1.0.0',
21 silly publish   description: 'Simple custom error handling to use with Express',
21 silly publish   main: 'index.js',
21 silly publish   scripts: { test: 'echo "Error: no test specified" && exit 1' },
21 silly publish   repository: { type: 'git', url: 'git+ssh://git@github.com/euljr/fuu.git' },
21 silly publish   keywords: [ 'express', 'error' ],
21 silly publish   author:
21 silly publish    { name: 'Euler Menezes Junior',
21 silly publish      email: 'euler@bsd.com.br',
21 silly publish      url: 'http://eulermenezes.com' },
21 silly publish   license: 'MIT',
21 silly publish   bugs: { url: 'https://github.com/euljr/fuu/issues' },
21 silly publish   homepage: 'https://github.com/euljr/fuu#readme',
21 silly publish   readme: '# fuu\r\n',
21 silly publish   readmeFilename: 'README.md',
21 silly publish   gitHead: 'b03f0851209be646e553955fe3f1cc511c9b16fb',
21 silly publish   _id: 'fuu@1.0.0',
21 silly publish   _shasum: 'aabf9dcdf092bf2a2fbaff4e483092694293339e',
21 silly publish   _from: '.' }
22 verbose getPublishConfig undefined
23 silly mapToRegistry name fuu
24 silly mapToRegistry using default registry
25 silly mapToRegistry registry https://registry.npmjs.org/
26 silly mapToRegistry data Result {
26 silly mapToRegistry   raw: 'fuu',
26 silly mapToRegistry   scope: null,
26 silly mapToRegistry   name: 'fuu',
26 silly mapToRegistry   rawSpec: '',
26 silly mapToRegistry   spec: 'latest',
26 silly mapToRegistry   type: 'tag' }
27 silly mapToRegistry uri https://registry.npmjs.org/fuu
28 verbose publish registryBase https://registry.npmjs.org/
29 silly publish uploading C:\Users\Euler\AppData\Roaming\npm-cache\fuu\1.0.0\package.tgz
30 verbose request uri https://registry.npmjs.org/fuu
31 verbose request sending authorization for write operation
32 info attempt registry request try #1 at 11:25:20
33 verbose request using bearer token for auth
34 verbose request id 3504daa187c72c2f
35 http request PUT https://registry.npmjs.org/fuu
36 http 403 https://registry.npmjs.org/fuu
37 verbose headers { 'content-type': 'application/json',
37 verbose headers   'cache-control': 'max-age=300',
37 verbose headers   'content-length': '95',
37 verbose headers   'accept-ranges': 'bytes',
37 verbose headers   date: 'Fri, 01 Jul 2016 14:25:25 GMT',
37 verbose headers   via: '1.1 varnish',
37 verbose headers   connection: 'keep-alive',
37 verbose headers   'x-served-by': 'cache-atl6231-ATL',
37 verbose headers   'x-cache': 'MISS',
37 verbose headers   'x-cache-hits': '0',
37 verbose headers   'x-timer': 'S1467383124.903917,VS0,VE708',
37 verbose headers   vary: 'Accept-Encoding' }
38 verbose request invalidating C:\Users\Euler\AppData\Roaming\npm-cache\registry.npmjs.org\fuu on PUT
39 error publish Failed PUT 403
40 verbose stack Error: "You cannot publish over the previously published version 1.0.0." : fuu
40 verbose stack     at makeError (C:\Users\Euler\AppData\Roaming\npm\node_modules\npm\node_modules\npm-registry-client\lib\request.js:264:12)
40 verbose stack     at CachingRegistryClient.<anonymous> (C:\Users\Euler\AppData\Roaming\npm\node_modules\npm\node_modules\npm-registry-client\lib\request.js:252:14)
40 verbose stack     at Request._callback (C:\Users\Euler\AppData\Roaming\npm\node_modules\npm\node_modules\npm-registry-client\lib\request.js:172:14)
40 verbose stack     at Request.self.callback (C:\Users\Euler\AppData\Roaming\npm\node_modules\npm\node_modules\request\request.js:200:22)
40 verbose stack     at emitTwo (events.js:87:13)
40 verbose stack     at Request.emit (events.js:172:7)
40 verbose stack     at Request.<anonymous> (C:\Users\Euler\AppData\Roaming\npm\node_modules\npm\node_modules\request\request.js:1067:10)
40 verbose stack     at emitOne (events.js:82:20)
40 verbose stack     at Request.emit (events.js:169:7)
40 verbose stack     at IncomingMessage.<anonymous> (C:\Users\Euler\AppData\Roaming\npm\node_modules\npm\node_modules\request\request.js:988:12)
41 verbose statusCode 403
42 verbose pkgid fuu
43 verbose cwd d:\teste\error
44 error Windows_NT 10.0.10586
45 error argv "C:\\Program Files\\nodejs\\node.exe" "C:\\Users\\Euler\\AppData\\Roaming\\npm\\node_modules\\npm\\bin\\npm-cli.js" "publish"
46 error node v4.4.4
47 error npm  v3.9.2
48 error code E403
49 error "You cannot publish over the previously published version 1.0.0." : fuu
50 error If you need help, you may report this error at:
50 error     <https://github.com/npm/npm/issues>
51 verbose exit [ 1, true ]
